<?xml version="1.0" encoding="UTF-8"?>
<testng-results ignored="0" total="0" passed="0" failed="0" skipped="0">
  <reporter-output>
  </reporter-output>
  <suite started-at="2023-12-10T14:41:05 GMT" name="Runner.Testrunner" finished-at="2023-12-10T14:41:05 GMT" duration-ms="194">
    <groups>
      <group name="cucumber">
        <method signature="AbstractTestNGCucumberTests.runScenario(io.cucumber.testng.PickleWrapper,io.cucumber.testng.FeatureWrapper)[pri:0, instance:Runner.Testrunner@73ee04c8]" name="runScenario" class="io.cucumber.testng.AbstractTestNGCucumberTests"/>
      </group> <!-- cucumber -->
    </groups>
    <test started-at="2023-12-10T14:41:05 GMT" name="Command line test" finished-at="2023-12-10T14:41:05 GMT" duration-ms="194">
      <class name="Runner.Testrunner">
        <test-method is-config="true" signature="setUpClass(org.testng.ITestContext)[pri:0, instance:Runner.Testrunner@73ee04c8]" started-at="2023-12-10T14:41:05 GMT" name="setUpClass" finished-at="2023-12-10T14:41:05 GMT" duration-ms="150" status="PASS">
          <params>
            <param index="0">
              <value>
                <![CDATA[org.testng.TestRunner@2f67b837]]>
              </value>
            </param>
          </params>
          <reporter-output>
          </reporter-output>
        </test-method> <!-- setUpClass -->
        <test-method is-config="true" signature="tearDownClass()[pri:0, instance:Runner.Testrunner@73ee04c8]" started-at="2023-12-10T14:41:05 GMT" name="tearDownClass" finished-at="2023-12-10T14:41:05 GMT" duration-ms="2" status="PASS">
          <reporter-output>
          </reporter-output>
        </test-method> <!-- tearDownClass -->
      </class> <!-- Runner.Testrunner -->
    </test> <!-- Command line test -->
  </suite> <!-- Runner.Testrunner -->
</testng-results>
